[0m00:49:20.239458 [debug] [MainThread]: Sending event: {'category': 'dbt', 'action': 'invocation', 'label': 'start', 'context': [<snowplow_tracker.self_describing_json.SelfDescribingJson object at 0x000001A419449E10>, <snowplow_tracker.self_describing_json.SelfDescribingJson object at 0x000001A41944B7D0>, <snowplow_tracker.self_describing_json.SelfDescribingJson object at 0x000001A419448490>]}


============================== 00:49:20.245459 | 9d561db4-b9aa-426e-9324-4a3cda0c6bee ==============================
[0m00:49:20.245459 [info ] [MainThread]: Running with dbt=1.11.7
[0m00:49:20.247460 [debug] [MainThread]: running dbt with arguments {'static_parser': 'True', 'no_print': 'None', 'version_check': 'True', 'target_path': 'None', 'warn_error_options': 'WarnErrorOptionsV2(error=[], warn=[], silence=[])', 'printer_width': '80', 'write_json': 'True', 'introspect': 'True', 'log_cache_events': 'False', 'empty': 'None', 'cache_selected_only': 'False', 'fail_fast': 'False', 'debug': 'False', 'log_format': 'default', 'profiles_dir': 'C:\\Users\\nitis\\.dbt', 'send_anonymous_usage_stats': 'True', 'quiet': 'False', 'warn_error': 'None', 'partial_parse': 'True', 'indirect_selection': 'eager', 'invocation_command': 'dbt init dbt_snowflake_project', 'use_colors': 'True', 'use_experimental_parser': 'False', 'log_path': 'logs'}
[0m00:49:20.482569 [info ] [MainThread]: Creating dbt configuration folder at C:\Users\nitis\.dbt
[0m00:49:20.492568 [debug] [MainThread]: Starter project path: C:\Users\nitis\Desktop\Projects\dbt-snowflake-project\venv\Lib\site-packages\dbt\include\starter_project
[0m00:49:20.565616 [info ] [MainThread]: 
Your new dbt project "dbt_snowflake_project" was created!

For more information on how to configure the profiles.yml file,
please consult the dbt documentation here:

  https://docs.getdbt.com/docs/configure-your-profile

One more thing:

Need help? Don't hesitate to reach out to us via GitHub issues or on Slack:

  https://community.getdbt.com/

Happy modeling!

[0m00:49:20.566585 [info ] [MainThread]: Setting up your profile.
[0m00:49:43.982576 [debug] [MainThread]: Snowflake adapter: Setting snowflake.connector to ERROR (file logging only)
[0m00:49:43.983542 [debug] [MainThread]: Snowflake adapter: Setting botocore to ERROR (file logging only)
[0m00:49:43.983542 [debug] [MainThread]: Snowflake adapter: Setting boto3 to ERROR (file logging only)
[0m00:57:59.817921 [info ] [MainThread]: Profile dbt_snowflake_project written to C:\Users\nitis\.dbt\profiles.yml using target's profile_template.yml and your supplied values. Run 'dbt debug' to validate the connection.
[0m00:57:59.819918 [debug] [MainThread]: Command `dbt init` succeeded at 00:57:59.819918 after 519.68 seconds
[0m00:57:59.819918 [debug] [MainThread]: Sending event: {'category': 'dbt', 'action': 'invocation', 'label': 'end', 'context': [<snowplow_tracker.self_describing_json.SelfDescribingJson object at 0x000001A419469A10>, <snowplow_tracker.self_describing_json.SelfDescribingJson object at 0x000001A4130F4ED0>, <snowplow_tracker.self_describing_json.SelfDescribingJson object at 0x000001A4130F4E10>]}
[0m00:57:59.820918 [debug] [MainThread]: Flushing usage events
[0m00:58:00.365526 [debug] [MainThread]: An error was encountered while trying to flush usage events
